<?xml version="1.0" encoding="UTF-8"?>
<testsuite xmlns:xsi="http://www.w3.org/2001/XMLSchema-instance" xsi:noNamespaceSchemaLocation="https://maven.apache.org/surefire/maven-surefire-plugin/xsd/surefire-test-report.xsd" name="com.birt.engine.SpringContextTest" time="0.066" tests="1" errors="0" skipped="0" failures="0">
  <properties>
    <property name="sun.desktop" value="windows"/>
    <property name="awt.toolkit" value="sun.awt.windows.WToolkit"/>
    <property name="java.specification.version" value="11"/>
    <property name="sun.cpu.isalist" value="amd64"/>
    <property name="sun.jnu.encoding" value="Cp1252"/>
    <property name="java.class.path" value="I:\Java_Projects\birt-poc\target\test-classes;I:\Java_Projects\birt-poc\target\classes;C:\Users\avvar\.m2\repository\org\springframework\boot\spring-boot-starter-web\2.1.1.RELEASE\spring-boot-starter-web-2.1.1.RELEASE.jar;C:\Users\avvar\.m2\repository\org\springframework\boot\spring-boot-starter\2.1.1.RELEASE\spring-boot-starter-2.1.1.RELEASE.jar;C:\Users\avvar\.m2\repository\org\springframework\boot\spring-boot\2.1.1.RELEASE\spring-boot-2.1.1.RELEASE.jar;C:\Users\avvar\.m2\repository\org\springframework\boot\spring-boot-autoconfigure\2.1.1.RELEASE\spring-boot-autoconfigure-2.1.1.RELEASE.jar;C:\Users\avvar\.m2\repository\javax\annotation\javax.annotation-api\1.3.2\javax.annotation-api-1.3.2.jar;C:\Users\avvar\.m2\repository\org\yaml\snakeyaml\1.23\snakeyaml-1.23.jar;C:\Users\avvar\.m2\repository\org\springframework\boot\spring-boot-starter-json\2.1.1.RELEASE\spring-boot-starter-json-2.1.1.RELEASE.jar;C:\Users\avvar\.m2\repository\com\fasterxml\jackson\core\jackson-databind\2.9.7\jackson-databind-2.9.7.jar;C:\Users\avvar\.m2\repository\com\fasterxml\jackson\core\jackson-annotations\2.9.0\jackson-annotations-2.9.0.jar;C:\Users\avvar\.m2\repository\com\fasterxml\jackson\core\jackson-core\2.9.7\jackson-core-2.9.7.jar;C:\Users\avvar\.m2\repository\com\fasterxml\jackson\datatype\jackson-datatype-jdk8\2.9.7\jackson-datatype-jdk8-2.9.7.jar;C:\Users\avvar\.m2\repository\com\fasterxml\jackson\datatype\jackson-datatype-jsr310\2.9.7\jackson-datatype-jsr310-2.9.7.jar;C:\Users\avvar\.m2\repository\com\fasterxml\jackson\module\jackson-module-parameter-names\2.9.7\jackson-module-parameter-names-2.9.7.jar;C:\Users\avvar\.m2\repository\org\springframework\boot\spring-boot-starter-tomcat\2.1.1.RELEASE\spring-boot-starter-tomcat-2.1.1.RELEASE.jar;C:\Users\avvar\.m2\repository\org\apache\tomcat\embed\tomcat-embed-core\9.0.13\tomcat-embed-core-9.0.13.jar;C:\Users\avvar\.m2\repository\org\apache\tomcat\embed\tomcat-embed-el\9.0.13\tomcat-embed-el-9.0.13.jar;C:\Users\avvar\.m2\repository\org\apache\tomcat\embed\tomcat-embed-websocket\9.0.13\tomcat-embed-websocket-9.0.13.jar;C:\Users\avvar\.m2\repository\org\hibernate\validator\hibernate-validator\6.0.13.Final\hibernate-validator-6.0.13.Final.jar;C:\Users\avvar\.m2\repository\javax\validation\validation-api\2.0.1.Final\validation-api-2.0.1.Final.jar;C:\Users\avvar\.m2\repository\org\jboss\logging\jboss-logging\3.3.2.Final\jboss-logging-3.3.2.Final.jar;C:\Users\avvar\.m2\repository\com\fasterxml\classmate\1.4.0\classmate-1.4.0.jar;C:\Users\avvar\.m2\repository\org\springframework\spring-web\5.1.3.RELEASE\spring-web-5.1.3.RELEASE.jar;C:\Users\avvar\.m2\repository\org\springframework\spring-beans\5.1.3.RELEASE\spring-beans-5.1.3.RELEASE.jar;C:\Users\avvar\.m2\repository\org\springframework\spring-webmvc\5.1.3.RELEASE\spring-webmvc-5.1.3.RELEASE.jar;C:\Users\avvar\.m2\repository\org\springframework\spring-aop\5.1.3.RELEASE\spring-aop-5.1.3.RELEASE.jar;C:\Users\avvar\.m2\repository\org\springframework\spring-context\5.1.3.RELEASE\spring-context-5.1.3.RELEASE.jar;C:\Users\avvar\.m2\repository\org\springframework\spring-expression\5.1.3.RELEASE\spring-expression-5.1.3.RELEASE.jar;C:\Users\avvar\.m2\repository\org\springframework\boot\spring-boot-starter-logging\2.1.1.RELEASE\spring-boot-starter-logging-2.1.1.RELEASE.jar;C:\Users\avvar\.m2\repository\org\apache\logging\log4j\log4j-to-slf4j\2.11.1\log4j-to-slf4j-2.11.1.jar;C:\Users\avvar\.m2\repository\org\slf4j\slf4j-api\1.7.25\slf4j-api-1.7.25.jar;C:\Users\avvar\.m2\repository\org\apache\logging\log4j\log4j-api\2.11.1\log4j-api-2.11.1.jar;C:\Users\avvar\.m2\repository\org\slf4j\jul-to-slf4j\1.7.25\jul-to-slf4j-1.7.25.jar;C:\Users\avvar\.m2\repository\org\springframework\boot\spring-boot-starter-test\2.1.1.RELEASE\spring-boot-starter-test-2.1.1.RELEASE.jar;C:\Users\avvar\.m2\repository\org\springframework\boot\spring-boot-test\2.1.1.RELEASE\spring-boot-test-2.1.1.RELEASE.jar;C:\Users\avvar\.m2\repository\org\springframework\boot\spring-boot-test-autoconfigure\2.1.1.RELEASE\spring-boot-test-autoconfigure-2.1.1.RELEASE.jar;C:\Users\avvar\.m2\repository\com\jayway\jsonpath\json-path\2.4.0\json-path-2.4.0.jar;C:\Users\avvar\.m2\repository\net\minidev\json-smart\2.3\json-smart-2.3.jar;C:\Users\avvar\.m2\repository\net\minidev\accessors-smart\1.2\accessors-smart-1.2.jar;C:\Users\avvar\.m2\repository\org\ow2\asm\asm\5.0.4\asm-5.0.4.jar;C:\Users\avvar\.m2\repository\junit\junit\4.12\junit-4.12.jar;C:\Users\avvar\.m2\repository\org\assertj\assertj-core\3.11.1\assertj-core-3.11.1.jar;C:\Users\avvar\.m2\repository\org\mockito\mockito-core\2.23.4\mockito-core-2.23.4.jar;C:\Users\avvar\.m2\repository\net\bytebuddy\byte-buddy\1.9.5\byte-buddy-1.9.5.jar;C:\Users\avvar\.m2\repository\net\bytebuddy\byte-buddy-agent\1.9.5\byte-buddy-agent-1.9.5.jar;C:\Users\avvar\.m2\repository\org\objenesis\objenesis\2.6\objenesis-2.6.jar;C:\Users\avvar\.m2\repository\org\hamcrest\hamcrest-core\1.3\hamcrest-core-1.3.jar;C:\Users\avvar\.m2\repository\org\hamcrest\hamcrest-library\1.3\hamcrest-library-1.3.jar;C:\Users\avvar\.m2\repository\org\skyscreamer\jsonassert\1.5.0\jsonassert-1.5.0.jar;C:\Users\avvar\.m2\repository\com\vaadin\external\google\android-json\0.0.20131108.vaadin1\android-json-0.0.20131108.vaadin1.jar;C:\Users\avvar\.m2\repository\org\springframework\spring-core\5.1.3.RELEASE\spring-core-5.1.3.RELEASE.jar;C:\Users\avvar\.m2\repository\org\springframework\spring-jcl\5.1.3.RELEASE\spring-jcl-5.1.3.RELEASE.jar;C:\Users\avvar\.m2\repository\org\springframework\spring-test\5.1.3.RELEASE\spring-test-5.1.3.RELEASE.jar;C:\Users\avvar\.m2\repository\org\xmlunit\xmlunit-core\2.6.2\xmlunit-core-2.6.2.jar;C:\Users\avvar\.m2\repository\javax\xml\bind\jaxb-api\2.3.1\jaxb-api-2.3.1.jar;C:\Users\avvar\.m2\repository\javax\activation\javax.activation-api\1.2.0\javax.activation-api-1.2.0.jar;C:\Users\avvar\.m2\repository\com\innoventsolutions\birt\runtime\org.eclipse.birt.runtime_4.8.0-20180626\4.8.0\org.eclipse.birt.runtime_4.8.0-20180626-4.8.0.jar;C:\Users\avvar\.m2\repository\com\innoventsolutions\birt\runtime\org.eclipse.equinox.event_1.4.200.v20180426-0845\4.8.0\org.eclipse.equinox.event_1.4.200.v20180426-0845-4.8.0.jar;C:\Users\avvar\.m2\repository\com\innoventsolutions\birt\runtime\org.eclipse.core.expressions_3.6.100.v20180426-1644\4.8.0\org.eclipse.core.expressions_3.6.100.v20180426-1644-4.8.0.jar;C:\Users\avvar\.m2\repository\com\innoventsolutions\birt\runtime\org.eclipse.emf.common_2.14.0.v20180527-1134\4.8.0\org.eclipse.emf.common_2.14.0.v20180527-1134-4.8.0.jar;C:\Users\avvar\.m2\repository\com\innoventsolutions\birt\runtime\org.eclipse.osgi_3.13.0.v20180409-1500\4.8.0\org.eclipse.osgi_3.13.0.v20180409-1500-4.8.0.jar;C:\Users\avvar\.m2\repository\com\innoventsolutions\birt\runtime\org.apache.batik.dom.svg_1.7.0.v201011041433\4.8.0\org.apache.batik.dom.svg_1.7.0.v201011041433-4.8.0.jar;C:\Users\avvar\.m2\repository\com\innoventsolutions\birt\runtime\org.w3c.dom.svg.extension_1.1.0.v201806261756\4.8.0\org.w3c.dom.svg.extension_1.1.0.v201806261756-4.8.0.jar;C:\Users\avvar\.m2\repository\com\innoventsolutions\birt\runtime\org.eclipse.equinox.simpleconfigurator_1.3.0.v20180502-1828\4.8.0\org.eclipse.equinox.simpleconfigurator_1.3.0.v20180502-1828-4.8.0.jar;C:\Users\avvar\.m2\repository\com\innoventsolutions\birt\runtime\org.eclipse.equinox.frameworkadmin.equinox_1.1.0.v20180512-1128\4.8.0\org.eclipse.equinox.frameworkadmin.equinox_1.1.0.v20180512-1128-4.8.0.jar;C:\Users\avvar\.m2\repository\com\innoventsolutions\birt\runtime\org.apache.lucene.core_6.1.0.v20170814-1820\4.8.0\org.apache.lucene.core_6.1.0.v20170814-1820-4.8.0.jar;C:\Users\avvar\.m2\repository\com\innoventsolutions\birt\runtime\org.eclipse.emf.ecore_2.14.0.v20180529-1144\4.8.0\org.eclipse.emf.ecore_2.14.0.v20180529-1144-4.8.0.jar;C:\Users\avvar\.m2\repository\com\innoventsolutions\birt\runtime\org.apache.batik.transcoder_1.7.0.v201011041433\4.8.0\org.apache.batik.transcoder_1.7.0.v201011041433-4.8.0.jar;C:\Users\avvar\.m2\repository\com\innoventsolutions\birt\runtime\org.apache.commons.codec_1.9.0.v20170208-1614\4.8.0\org.apache.commons.codec_1.9.0.v20170208-1614-4.8.0.jar;C:\Users\avvar\.m2\repository\com\innoventsolutions\birt\runtime\org.sat4j.core_2.3.5.v201308161310\4.8.0\org.sat4j.core_2.3.5.v201308161310-4.8.0.jar;C:\Users\avvar\.m2\repository\com\innoventsolutions\birt\runtime\org.apache.batik.ext.awt_1.7.0.v201011041433\4.8.0\org.apache.batik.ext.awt_1.7.0.v201011041433-4.8.0.jar;C:\Users\avvar\.m2\repository\com\innoventsolutions\birt\runtime\org.eclipse.equinox.frameworkadmin_2.1.0.v20180131-0638\4.8.0\org.eclipse.equinox.frameworkadmin_2.1.0.v20180131-0638-4.8.0.jar;C:\Users\avvar\.m2\repository\com\innoventsolutions\birt\runtime\org.w3c.dom.smil_1.0.1.v200903091627\4.8.0\org.w3c.dom.smil_1.0.1.v200903091627-4.8.0.jar;C:\Users\avvar\.m2\repository\com\innoventsolutions\birt\runtime\org.tukaani.xz_1.8.0.v20180207-1613\4.8.0\org.tukaani.xz_1.8.0.v20180207-1613-4.8.0.jar;C:\Users\avvar\.m2\repository\com\innoventsolutions\birt\runtime\org.eclipse.datatools.connectivity.apache.derby_1.2.1.201712071719\4.8.0\org.eclipse.datatools.connectivity.apache.derby_1.2.1.201712071719-4.8.0.jar;C:\Users\avvar\.m2\repository\com\innoventsolutions\birt\runtime\org.eclipse.equinox.preferences_3.7.100.v20180510-1129\4.8.0\org.eclipse.equinox.preferences_3.7.100.v20180510-1129-4.8.0.jar;C:\Users\avvar\.m2\repository\com\innoventsolutions\birt\runtime\org.eclipse.equinox.app_1.3.500.v20171221-2204\4.8.0\org.eclipse.equinox.app_1.3.500.v20171221-2204-4.8.0.jar;C:\Users\avvar\.m2\repository\com\innoventsolutions\birt\runtime\org.apache.batik.dom_1.7.1.v201505191845\4.8.0\org.apache.batik.dom_1.7.1.v201505191845-4.8.0.jar;C:\Users\avvar\.m2\repository\com\innoventsolutions\birt\runtime\com.ibm.icu_58.2.0.v20170418-1837\4.8.0\com.ibm.icu_58.2.0.v20170418-1837-4.8.0.jar;C:\Users\avvar\.m2\repository\com\innoventsolutions\birt\runtime\flute\4.8.0\flute-4.8.0.jar;C:\Users\avvar\.m2\repository\com\innoventsolutions\birt\runtime\org.eclipse.emf.ecore.xmi_2.14.0.v20180129-1548\4.8.0\org.eclipse.emf.ecore.xmi_2.14.0.v20180129-1548-4.8.0.jar;C:\Users\avvar\.m2\repository\com\innoventsolutions\birt\runtime\org.eclipse.datatools.connectivity.oda_3.6.1.201712071719\4.8.0\org.eclipse.datatools.connectivity.oda_3.6.1.201712071719-4.8.0.jar;C:\Users\avvar\.m2\repository\com\innoventsolutions\birt\runtime\org.w3c.css.sac_1.3.1.v200903091627\4.8.0\org.w3c.css.sac_1.3.1.v200903091627-4.8.0.jar;C:\Users\avvar\.m2\repository\com\innoventsolutions\birt\runtime\org.apache.batik.svggen_1.7.0.v201011041433\4.8.0\org.apache.batik.svggen_1.7.0.v201011041433-4.8.0.jar;C:\Users\avvar\.m2\repository\com\innoventsolutions\birt\runtime\org.apache.derby_10.11.1.1_v201605202053\4.8.0\org.apache.derby_10.11.1.1_v201605202053-4.8.0.jar;C:\Users\avvar\.m2\repository\com\innoventsolutions\birt\runtime\org.eclipse.osgi.services_3.7.0.v20180223-1712\4.8.0\org.eclipse.osgi.services_3.7.0.v20180223-1712-4.8.0.jar;C:\Users\avvar\.m2\repository\com\innoventsolutions\birt\runtime\org.eclipse.datatools.connectivity.oda.consumer_3.4.1.201712071719\4.8.0\org.eclipse.datatools.connectivity.oda.consumer_3.4.1.201712071719-4.8.0.jar;C:\Users\avvar\.m2\repository\com\innoventsolutions\birt\runtime\org.eclipse.core.resources_3.13.0.v20180512-1138\4.8.0\org.eclipse.core.resources_3.13.0.v20180512-1138-4.8.0.jar;C:\Users\avvar\.m2\repository\com\innoventsolutions\birt\runtime\org.eclipse.equinox.simpleconfigurator.manipulator_2.1.0.v20180103-0918\4.8.0\org.eclipse.equinox.simpleconfigurator.manipulator_2.1.0.v20180103-0918-4.8.0.jar;C:\Users\avvar\.m2\repository\com\innoventsolutions\birt\runtime\org.eclipse.datatools.connectivity.console.profile_1.2.1.201712071719\4.8.0\org.eclipse.datatools.connectivity.console.profile_1.2.1.201712071719-4.8.0.jar;C:\Users\avvar\.m2\repository\com\innoventsolutions\birt\runtime\org.apache.batik.css_1.7.0.v201011041433\4.8.0\org.apache.batik.css_1.7.0.v201011041433-4.8.0.jar;C:\Users\avvar\.m2\repository\com\innoventsolutions\birt\runtime\org.eclipse.equinox.registry_3.8.0.v20180426-1327\4.8.0\org.eclipse.equinox.registry_3.8.0.v20180426-1327-4.8.0.jar;C:\Users\avvar\.m2\repository\com\innoventsolutions\birt\runtime\javax.xml.stream_1.0.1.v201004272200\4.8.0\javax.xml.stream_1.0.1.v201004272200-4.8.0.jar;C:\Users\avvar\.m2\repository\com\innoventsolutions\birt\runtime\org.eclipse.orbit.mongodb_3.2.2.v20170222-2110\4.8.0\org.eclipse.orbit.mongodb_3.2.2.v20170222-2110-4.8.0.jar;C:\Users\avvar\.m2\repository\com\innoventsolutions\birt\runtime\org.eclipse.core.runtime_3.14.0.v20180417-0825\4.8.0\org.eclipse.core.runtime_3.14.0.v20180417-0825-4.8.0.jar;C:\Users\avvar\.m2\repository\com\innoventsolutions\birt\runtime\org.mozilla.javascript_1.7.5.v201504281450\4.8.0\org.mozilla.javascript_1.7.5.v201504281450-4.8.0.jar;C:\Users\avvar\.m2\repository\com\innoventsolutions\birt\runtime\org.eclipse.update.configurator_3.4.0.v20180512-1141\4.8.0\org.eclipse.update.configurator_3.4.0.v20180512-1141-4.8.0.jar;C:\Users\avvar\.m2\repository\com\innoventsolutions\birt\runtime\org.apache.xerces_2.9.0.v201101211617\4.8.0\org.apache.xerces_2.9.0.v201101211617-4.8.0.jar;C:\Users\avvar\.m2\repository\com\innoventsolutions\birt\runtime\org.eclipse.datatools.connectivity.dbdefinition.genericJDBC_1.2.1.201712071719\4.8.0\org.eclipse.datatools.connectivity.dbdefinition.genericJDBC_1.2.1.201712071719-4.8.0.jar;C:\Users\avvar\.m2\repository\com\innoventsolutions\birt\runtime\org.w3c.dom.svg_1.1.0.v201011041433\4.8.0\org.w3c.dom.svg_1.1.0.v201011041433-4.8.0.jar;C:\Users\avvar\.m2\repository\com\innoventsolutions\birt\runtime\org.eclipse.datatools.connectivity.oda.design_3.5.1.201712071719\4.8.0\org.eclipse.datatools.connectivity.oda.design_3.5.1.201712071719-4.8.0.jar;C:\Users\avvar\.m2\repository\com\innoventsolutions\birt\runtime\javax.xml_1.3.4.v201005080400\4.8.0\javax.xml_1.3.4.v201005080400-4.8.0.jar;C:\Users\avvar\.m2\repository\com\innoventsolutions\birt\runtime\org.sat4j.pb_2.3.5.v201404071733\4.8.0\org.sat4j.pb_2.3.5.v201404071733-4.8.0.jar;C:\Users\avvar\.m2\repository\com\innoventsolutions\birt\runtime\org.eclipse.datatools.connectivity.sqm.core_1.4.1.201712071719\4.8.0\org.eclipse.datatools.connectivity.sqm.core_1.4.1.201712071719-4.8.0.jar;C:\Users\avvar\.m2\repository\com\innoventsolutions\birt\runtime\org.eclipse.datatools.connectivity.oda.profile_3.4.1.201712071719\4.8.0\org.eclipse.datatools.connectivity.oda.profile_3.4.1.201712071719-4.8.0.jar;C:\Users\avvar\.m2\repository\com\innoventsolutions\birt\runtime\org.eclipse.help_3.8.100.v20180512-1136\4.8.0\org.eclipse.help_3.8.100.v20180512-1136-4.8.0.jar;C:\Users\avvar\.m2\repository\com\innoventsolutions\birt\runtime\org.eclipse.emf.ecore.change_2.12.0.v20180125-1130\4.8.0\org.eclipse.emf.ecore.change_2.12.0.v20180125-1130-4.8.0.jar;C:\Users\avvar\.m2\repository\com\innoventsolutions\birt\runtime\org.apache.poi_3.9.0.v201405241750\4.8.0\org.apache.poi_3.9.0.v201405241750-4.8.0.jar;C:\Users\avvar\.m2\repository\com\innoventsolutions\birt\runtime\org.apache.commons.logging_1.1.1.v201101211721\4.8.0\org.apache.commons.logging_1.1.1.v201101211721-4.8.0.jar;C:\Users\avvar\.m2\repository\com\innoventsolutions\birt\runtime\org.apache.lucene.queryparser_6.1.0.v20161115-1612\4.8.0\org.apache.lucene.queryparser_6.1.0.v20161115-1612-4.8.0.jar;C:\Users\avvar\.m2\repository\com\innoventsolutions\birt\runtime\org.w3c.dom.events_3.0.0.draft20060413_v201105210656\4.8.0\org.w3c.dom.events_3.0.0.draft20060413_v201105210656-4.8.0.jar;C:\Users\avvar\.m2\repository\com\innoventsolutions\birt\runtime\org.apache.xml.resolver_1.2.0.v201005080400\4.8.0\org.apache.xml.resolver_1.2.0.v201005080400-4.8.0.jar;C:\Users\avvar\.m2\repository\com\innoventsolutions\birt\runtime\org.eclipse.core.jobs_3.10.0.v20180427-1454\4.8.0\org.eclipse.core.jobs_3.10.0.v20180427-1454-4.8.0.jar;C:\Users\avvar\.m2\repository\com\innoventsolutions\birt\runtime\org.eclipse.equinox.security_1.2.400.v20171221-2204\4.8.0\org.eclipse.equinox.security_1.2.400.v20171221-2204-4.8.0.jar;C:\Users\avvar\.m2\repository\com\innoventsolutions\birt\runtime\org.apache.batik.bridge_1.7.0.v201011041433\4.8.0\org.apache.batik.bridge_1.7.0.v201011041433-4.8.0.jar;C:\Users\avvar\.m2\repository\com\innoventsolutions\birt\runtime\org.apache.batik.parser_1.7.0.v201011041433\4.8.0\org.apache.batik.parser_1.7.0.v201011041433-4.8.0.jar;C:\Users\avvar\.m2\repository\com\innoventsolutions\birt\runtime\org.eclipse.core.contenttype_3.7.0.v20180426-1644\4.8.0\org.eclipse.core.contenttype_3.7.0.v20180426-1644-4.8.0.jar;C:\Users\avvar\.m2\repository\com\innoventsolutions\birt\runtime\org.eclipse.core.filesystem_1.7.100.v20180304-1102\4.8.0\org.eclipse.core.filesystem_1.7.100.v20180304-1102-4.8.0.jar;C:\Users\avvar\.m2\repository\com\innoventsolutions\birt\runtime\org.apache.batik.xml_1.7.0.v201011041433\4.8.0\org.apache.batik.xml_1.7.0.v201011041433-4.8.0.jar;C:\Users\avvar\.m2\repository\com\innoventsolutions\birt\runtime\org.eclipse.equinox.ds_1.5.100.v20171221-2204\4.8.0\org.eclipse.equinox.ds_1.5.100.v20171221-2204-4.8.0.jar;C:\Users\avvar\.m2\repository\com\innoventsolutions\birt\runtime\org.apache.batik.util_1.7.0.v201011041433\4.8.0\org.apache.batik.util_1.7.0.v201011041433-4.8.0.jar;C:\Users\avvar\.m2\repository\com\innoventsolutions\birt\runtime\org.eclipse.datatools.connectivity.oda.flatfile_3.3.1.201712071719\4.8.0\org.eclipse.datatools.connectivity.oda.flatfile_3.3.1.201712071719-4.8.0.jar;C:\Users\avvar\.m2\repository\com\innoventsolutions\birt\runtime\org.apache.batik.ext.awt.extension_1.7.0.v201806261756\4.8.0\org.apache.batik.ext.awt.extension_1.7.0.v201806261756-4.8.0.jar;C:\Users\avvar\.m2\repository\com\innoventsolutions\birt\runtime\javax.wsdl_1.5.1.v201012040544\4.8.0\javax.wsdl_1.5.1.v201012040544-4.8.0.jar;C:\Users\avvar\.m2\repository\com\innoventsolutions\birt\runtime\org.eclipse.osgi.util_3.5.0.v20180219-1511\4.8.0\org.eclipse.osgi.util_3.5.0.v20180219-1511-4.8.0.jar;C:\Users\avvar\.m2\repository\com\innoventsolutions\birt\runtime\org.eclipse.datatools.connectivity_1.14.1.201712071719\4.8.0\org.eclipse.datatools.connectivity_1.14.1.201712071719-4.8.0.jar;C:\Users\avvar\.m2\repository\com\innoventsolutions\birt\runtime\org.apache.felix.scr_2.0.14.v20180117-1452\4.8.0\org.apache.felix.scr_2.0.14.v20180117-1452-4.8.0.jar;C:\Users\avvar\.m2\repository\com\innoventsolutions\birt\runtime\org.eclipse.datatools.connectivity.apache.derby.dbdefinition_1.2.1.201712071719\4.8.0\org.eclipse.datatools.connectivity.apache.derby.dbdefinition_1.2.1.201712071719-4.8.0.jar;C:\Users\avvar\.m2\repository\com\innoventsolutions\birt\runtime\org.eclipse.datatools.connectivity.db.generic_1.2.1.201712071719\4.8.0\org.eclipse.datatools.connectivity.db.generic_1.2.1.201712071719-4.8.0.jar;C:\Users\avvar\.m2\repository\com\innoventsolutions\birt\runtime\org.apache.lucene.analyzers-common_6.1.0.v20161115-1612\4.8.0\org.apache.lucene.analyzers-common_6.1.0.v20161115-1612-4.8.0.jar;C:\Users\avvar\.m2\repository\com\innoventsolutions\birt\runtime\org.apache.xml.serializer_2.7.1.v201005080400\4.8.0\org.apache.xml.serializer_2.7.1.v201005080400-4.8.0.jar;C:\Users\avvar\.m2\repository\com\innoventsolutions\birt\runtime\net.sourceforge.lpg.lpgjavaruntime_1.1.0.v201004271650\4.8.0\net.sourceforge.lpg.lpgjavaruntime_1.1.0.v201004271650-4.8.0.jar;C:\Users\avvar\.m2\repository\com\innoventsolutions\birt\runtime\org.apache.batik.util.gui_1.7.0.v200903091627\4.8.0\org.apache.batik.util.gui_1.7.0.v200903091627-4.8.0.jar;C:\Users\avvar\.m2\repository\com\innoventsolutions\birt\runtime\com.lowagie.text_2.1.7.v201004222200\4.8.0\com.lowagie.text_2.1.7.v201004222200-4.8.0.jar;C:\Users\avvar\.m2\repository\com\innoventsolutions\birt\runtime\org.eclipse.equinox.common_3.10.0.v20180412-1130\4.8.0\org.eclipse.equinox.common_3.10.0.v20180412-1130-4.8.0.jar;C:\Users\avvar\.m2\repository\log4j\log4j\1.2.17\log4j-1.2.17.jar;C:\Users\avvar\.m2\repository\mysql\mysql-connector-java\8.0.26\mysql-connector-java-8.0.26.jar;C:\Users\avvar\.m2\repository\org\projectlombok\lombok\1.18.4\lombok-1.18.4.jar;"/>
    <property name="java.vm.vendor" value="Oracle Corporation"/>
    <property name="sun.arch.data.model" value="64"/>
    <property name="user.variant" value=""/>
    <property name="java.vendor.url" value="https://openjdk.java.net/"/>
    <property name="user.timezone" value="Asia/Calcutta"/>
    <property name="java.vm.specification.version" value="11"/>
    <property name="os.name" value="Windows 10"/>
    <property name="sun.java.launcher" value="SUN_STANDARD"/>
    <property name="user.country" value="IN"/>
    <property name="sun.boot.library.path" value="C:\Program Files\Java\jdk-11.0.12\bin"/>
    <property name="sun.java.command" value="C:\Users\avvar\AppData\Local\Temp\surefire3764575555561105578\surefirebooter10754094776534811859.jar C:\Users\avvar\AppData\Local\Temp\surefire3764575555561105578 2021-09-15T00-06-52_755-jvmRun1 surefire7423369294600780866tmp surefire_05376710058011960605tmp"/>
    <property name="jdk.debug" value="release"/>
    <property name="surefire.test.class.path" value="I:\Java_Projects\birt-poc\target\test-classes;I:\Java_Projects\birt-poc\target\classes;C:\Users\avvar\.m2\repository\org\springframework\boot\spring-boot-starter-web\2.1.1.RELEASE\spring-boot-starter-web-2.1.1.RELEASE.jar;C:\Users\avvar\.m2\repository\org\springframework\boot\spring-boot-starter\2.1.1.RELEASE\spring-boot-starter-2.1.1.RELEASE.jar;C:\Users\avvar\.m2\repository\org\springframework\boot\spring-boot\2.1.1.RELEASE\spring-boot-2.1.1.RELEASE.jar;C:\Users\avvar\.m2\repository\org\springframework\boot\spring-boot-autoconfigure\2.1.1.RELEASE\spring-boot-autoconfigure-2.1.1.RELEASE.jar;C:\Users\avvar\.m2\repository\javax\annotation\javax.annotation-api\1.3.2\javax.annotation-api-1.3.2.jar;C:\Users\avvar\.m2\repository\org\yaml\snakeyaml\1.23\snakeyaml-1.23.jar;C:\Users\avvar\.m2\repository\org\springframework\boot\spring-boot-starter-json\2.1.1.RELEASE\spring-boot-starter-json-2.1.1.RELEASE.jar;C:\Users\avvar\.m2\repository\com\fasterxml\jackson\core\jackson-databind\2.9.7\jackson-databind-2.9.7.jar;C:\Users\avvar\.m2\repository\com\fasterxml\jackson\core\jackson-annotations\2.9.0\jackson-annotations-2.9.0.jar;C:\Users\avvar\.m2\repository\com\fasterxml\jackson\core\jackson-core\2.9.7\jackson-core-2.9.7.jar;C:\Users\avvar\.m2\repository\com\fasterxml\jackson\datatype\jackson-datatype-jdk8\2.9.7\jackson-datatype-jdk8-2.9.7.jar;C:\Users\avvar\.m2\repository\com\fasterxml\jackson\datatype\jackson-datatype-jsr310\2.9.7\jackson-datatype-jsr310-2.9.7.jar;C:\Users\avvar\.m2\repository\com\fasterxml\jackson\module\jackson-module-parameter-names\2.9.7\jackson-module-parameter-names-2.9.7.jar;C:\Users\avvar\.m2\repository\org\springframework\boot\spring-boot-starter-tomcat\2.1.1.RELEASE\spring-boot-starter-tomcat-2.1.1.RELEASE.jar;C:\Users\avvar\.m2\repository\org\apache\tomcat\embed\tomcat-embed-core\9.0.13\tomcat-embed-core-9.0.13.jar;C:\Users\avvar\.m2\repository\org\apache\tomcat\embed\tomcat-embed-el\9.0.13\tomcat-embed-el-9.0.13.jar;C:\Users\avvar\.m2\repository\org\apache\tomcat\embed\tomcat-embed-websocket\9.0.13\tomcat-embed-websocket-9.0.13.jar;C:\Users\avvar\.m2\repository\org\hibernate\validator\hibernate-validator\6.0.13.Final\hibernate-validator-6.0.13.Final.jar;C:\Users\avvar\.m2\repository\javax\validation\validation-api\2.0.1.Final\validation-api-2.0.1.Final.jar;C:\Users\avvar\.m2\repository\org\jboss\logging\jboss-logging\3.3.2.Final\jboss-logging-3.3.2.Final.jar;C:\Users\avvar\.m2\repository\com\fasterxml\classmate\1.4.0\classmate-1.4.0.jar;C:\Users\avvar\.m2\repository\org\springframework\spring-web\5.1.3.RELEASE\spring-web-5.1.3.RELEASE.jar;C:\Users\avvar\.m2\repository\org\springframework\spring-beans\5.1.3.RELEASE\spring-beans-5.1.3.RELEASE.jar;C:\Users\avvar\.m2\repository\org\springframework\spring-webmvc\5.1.3.RELEASE\spring-webmvc-5.1.3.RELEASE.jar;C:\Users\avvar\.m2\repository\org\springframework\spring-aop\5.1.3.RELEASE\spring-aop-5.1.3.RELEASE.jar;C:\Users\avvar\.m2\repository\org\springframework\spring-context\5.1.3.RELEASE\spring-context-5.1.3.RELEASE.jar;C:\Users\avvar\.m2\repository\org\springframework\spring-expression\5.1.3.RELEASE\spring-expression-5.1.3.RELEASE.jar;C:\Users\avvar\.m2\repository\org\springframework\boot\spring-boot-starter-logging\2.1.1.RELEASE\spring-boot-starter-logging-2.1.1.RELEASE.jar;C:\Users\avvar\.m2\repository\org\apache\logging\log4j\log4j-to-slf4j\2.11.1\log4j-to-slf4j-2.11.1.jar;C:\Users\avvar\.m2\repository\org\slf4j\slf4j-api\1.7.25\slf4j-api-1.7.25.jar;C:\Users\avvar\.m2\repository\org\apache\logging\log4j\log4j-api\2.11.1\log4j-api-2.11.1.jar;C:\Users\avvar\.m2\repository\org\slf4j\jul-to-slf4j\1.7.25\jul-to-slf4j-1.7.25.jar;C:\Users\avvar\.m2\repository\org\springframework\boot\spring-boot-starter-test\2.1.1.RELEASE\spring-boot-starter-test-2.1.1.RELEASE.jar;C:\Users\avvar\.m2\repository\org\springframework\boot\spring-boot-test\2.1.1.RELEASE\spring-boot-test-2.1.1.RELEASE.jar;C:\Users\avvar\.m2\repository\org\springframework\boot\spring-boot-test-autoconfigure\2.1.1.RELEASE\spring-boot-test-autoconfigure-2.1.1.RELEASE.jar;C:\Users\avvar\.m2\repository\com\jayway\jsonpath\json-path\2.4.0\json-path-2.4.0.jar;C:\Users\avvar\.m2\repository\net\minidev\json-smart\2.3\json-smart-2.3.jar;C:\Users\avvar\.m2\repository\net\minidev\accessors-smart\1.2\accessors-smart-1.2.jar;C:\Users\avvar\.m2\repository\org\ow2\asm\asm\5.0.4\asm-5.0.4.jar;C:\Users\avvar\.m2\repository\junit\junit\4.12\junit-4.12.jar;C:\Users\avvar\.m2\repository\org\assertj\assertj-core\3.11.1\assertj-core-3.11.1.jar;C:\Users\avvar\.m2\repository\org\mockito\mockito-core\2.23.4\mockito-core-2.23.4.jar;C:\Users\avvar\.m2\repository\net\bytebuddy\byte-buddy\1.9.5\byte-buddy-1.9.5.jar;C:\Users\avvar\.m2\repository\net\bytebuddy\byte-buddy-agent\1.9.5\byte-buddy-agent-1.9.5.jar;C:\Users\avvar\.m2\repository\org\objenesis\objenesis\2.6\objenesis-2.6.jar;C:\Users\avvar\.m2\repository\org\hamcrest\hamcrest-core\1.3\hamcrest-core-1.3.jar;C:\Users\avvar\.m2\repository\org\hamcrest\hamcrest-library\1.3\hamcrest-library-1.3.jar;C:\Users\avvar\.m2\repository\org\skyscreamer\jsonassert\1.5.0\jsonassert-1.5.0.jar;C:\Users\avvar\.m2\repository\com\vaadin\external\google\android-json\0.0.20131108.vaadin1\android-json-0.0.20131108.vaadin1.jar;C:\Users\avvar\.m2\repository\org\springframework\spring-core\5.1.3.RELEASE\spring-core-5.1.3.RELEASE.jar;C:\Users\avvar\.m2\repository\org\springframework\spring-jcl\5.1.3.RELEASE\spring-jcl-5.1.3.RELEASE.jar;C:\Users\avvar\.m2\repository\org\springframework\spring-test\5.1.3.RELEASE\spring-test-5.1.3.RELEASE.jar;C:\Users\avvar\.m2\repository\org\xmlunit\xmlunit-core\2.6.2\xmlunit-core-2.6.2.jar;C:\Users\avvar\.m2\repository\javax\xml\bind\jaxb-api\2.3.1\jaxb-api-2.3.1.jar;C:\Users\avvar\.m2\repository\javax\activation\javax.activation-api\1.2.0\javax.activation-api-1.2.0.jar;C:\Users\avvar\.m2\repository\com\innoventsolutions\birt\runtime\org.eclipse.birt.runtime_4.8.0-20180626\4.8.0\org.eclipse.birt.runtime_4.8.0-20180626-4.8.0.jar;C:\Users\avvar\.m2\repository\com\innoventsolutions\birt\runtime\org.eclipse.equinox.event_1.4.200.v20180426-0845\4.8.0\org.eclipse.equinox.event_1.4.200.v20180426-0845-4.8.0.jar;C:\Users\avvar\.m2\repository\com\innoventsolutions\birt\runtime\org.eclipse.core.expressions_3.6.100.v20180426-1644\4.8.0\org.eclipse.core.expressions_3.6.100.v20180426-1644-4.8.0.jar;C:\Users\avvar\.m2\repository\com\innoventsolutions\birt\runtime\org.eclipse.emf.common_2.14.0.v20180527-1134\4.8.0\org.eclipse.emf.common_2.14.0.v20180527-1134-4.8.0.jar;C:\Users\avvar\.m2\repository\com\innoventsolutions\birt\runtime\org.eclipse.osgi_3.13.0.v20180409-1500\4.8.0\org.eclipse.osgi_3.13.0.v20180409-1500-4.8.0.jar;C:\Users\avvar\.m2\repository\com\innoventsolutions\birt\runtime\org.apache.batik.dom.svg_1.7.0.v201011041433\4.8.0\org.apache.batik.dom.svg_1.7.0.v201011041433-4.8.0.jar;C:\Users\avvar\.m2\repository\com\innoventsolutions\birt\runtime\org.w3c.dom.svg.extension_1.1.0.v201806261756\4.8.0\org.w3c.dom.svg.extension_1.1.0.v201806261756-4.8.0.jar;C:\Users\avvar\.m2\repository\com\innoventsolutions\birt\runtime\org.eclipse.equinox.simpleconfigurator_1.3.0.v20180502-1828\4.8.0\org.eclipse.equinox.simpleconfigurator_1.3.0.v20180502-1828-4.8.0.jar;C:\Users\avvar\.m2\repository\com\innoventsolutions\birt\runtime\org.eclipse.equinox.frameworkadmin.equinox_1.1.0.v20180512-1128\4.8.0\org.eclipse.equinox.frameworkadmin.equinox_1.1.0.v20180512-1128-4.8.0.jar;C:\Users\avvar\.m2\repository\com\innoventsolutions\birt\runtime\org.apache.lucene.core_6.1.0.v20170814-1820\4.8.0\org.apache.lucene.core_6.1.0.v20170814-1820-4.8.0.jar;C:\Users\avvar\.m2\repository\com\innoventsolutions\birt\runtime\org.eclipse.emf.ecore_2.14.0.v20180529-1144\4.8.0\org.eclipse.emf.ecore_2.14.0.v20180529-1144-4.8.0.jar;C:\Users\avvar\.m2\repository\com\innoventsolutions\birt\runtime\org.apache.batik.transcoder_1.7.0.v201011041433\4.8.0\org.apache.batik.transcoder_1.7.0.v201011041433-4.8.0.jar;C:\Users\avvar\.m2\repository\com\innoventsolutions\birt\runtime\org.apache.commons.codec_1.9.0.v20170208-1614\4.8.0\org.apache.commons.codec_1.9.0.v20170208-1614-4.8.0.jar;C:\Users\avvar\.m2\repository\com\innoventsolutions\birt\runtime\org.sat4j.core_2.3.5.v201308161310\4.8.0\org.sat4j.core_2.3.5.v201308161310-4.8.0.jar;C:\Users\avvar\.m2\repository\com\innoventsolutions\birt\runtime\org.apache.batik.ext.awt_1.7.0.v201011041433\4.8.0\org.apache.batik.ext.awt_1.7.0.v201011041433-4.8.0.jar;C:\Users\avvar\.m2\repository\com\innoventsolutions\birt\runtime\org.eclipse.equinox.frameworkadmin_2.1.0.v20180131-0638\4.8.0\org.eclipse.equinox.frameworkadmin_2.1.0.v20180131-0638-4.8.0.jar;C:\Users\avvar\.m2\repository\com\innoventsolutions\birt\runtime\org.w3c.dom.smil_1.0.1.v200903091627\4.8.0\org.w3c.dom.smil_1.0.1.v200903091627-4.8.0.jar;C:\Users\avvar\.m2\repository\com\innoventsolutions\birt\runtime\org.tukaani.xz_1.8.0.v20180207-1613\4.8.0\org.tukaani.xz_1.8.0.v20180207-1613-4.8.0.jar;C:\Users\avvar\.m2\repository\com\innoventsolutions\birt\runtime\org.eclipse.datatools.connectivity.apache.derby_1.2.1.201712071719\4.8.0\org.eclipse.datatools.connectivity.apache.derby_1.2.1.201712071719-4.8.0.jar;C:\Users\avvar\.m2\repository\com\innoventsolutions\birt\runtime\org.eclipse.equinox.preferences_3.7.100.v20180510-1129\4.8.0\org.eclipse.equinox.preferences_3.7.100.v20180510-1129-4.8.0.jar;C:\Users\avvar\.m2\repository\com\innoventsolutions\birt\runtime\org.eclipse.equinox.app_1.3.500.v20171221-2204\4.8.0\org.eclipse.equinox.app_1.3.500.v20171221-2204-4.8.0.jar;C:\Users\avvar\.m2\repository\com\innoventsolutions\birt\runtime\org.apache.batik.dom_1.7.1.v201505191845\4.8.0\org.apache.batik.dom_1.7.1.v201505191845-4.8.0.jar;C:\Users\avvar\.m2\repository\com\innoventsolutions\birt\runtime\com.ibm.icu_58.2.0.v20170418-1837\4.8.0\com.ibm.icu_58.2.0.v20170418-1837-4.8.0.jar;C:\Users\avvar\.m2\repository\com\innoventsolutions\birt\runtime\flute\4.8.0\flute-4.8.0.jar;C:\Users\avvar\.m2\repository\com\innoventsolutions\birt\runtime\org.eclipse.emf.ecore.xmi_2.14.0.v20180129-1548\4.8.0\org.eclipse.emf.ecore.xmi_2.14.0.v20180129-1548-4.8.0.jar;C:\Users\avvar\.m2\repository\com\innoventsolutions\birt\runtime\org.eclipse.datatools.connectivity.oda_3.6.1.201712071719\4.8.0\org.eclipse.datatools.connectivity.oda_3.6.1.201712071719-4.8.0.jar;C:\Users\avvar\.m2\repository\com\innoventsolutions\birt\runtime\org.w3c.css.sac_1.3.1.v200903091627\4.8.0\org.w3c.css.sac_1.3.1.v200903091627-4.8.0.jar;C:\Users\avvar\.m2\repository\com\innoventsolutions\birt\runtime\org.apache.batik.svggen_1.7.0.v201011041433\4.8.0\org.apache.batik.svggen_1.7.0.v201011041433-4.8.0.jar;C:\Users\avvar\.m2\repository\com\innoventsolutions\birt\runtime\org.apache.derby_10.11.1.1_v201605202053\4.8.0\org.apache.derby_10.11.1.1_v201605202053-4.8.0.jar;C:\Users\avvar\.m2\repository\com\innoventsolutions\birt\runtime\org.eclipse.osgi.services_3.7.0.v20180223-1712\4.8.0\org.eclipse.osgi.services_3.7.0.v20180223-1712-4.8.0.jar;C:\Users\avvar\.m2\repository\com\innoventsolutions\birt\runtime\org.eclipse.datatools.connectivity.oda.consumer_3.4.1.201712071719\4.8.0\org.eclipse.datatools.connectivity.oda.consumer_3.4.1.201712071719-4.8.0.jar;C:\Users\avvar\.m2\repository\com\innoventsolutions\birt\runtime\org.eclipse.core.resources_3.13.0.v20180512-1138\4.8.0\org.eclipse.core.resources_3.13.0.v20180512-1138-4.8.0.jar;C:\Users\avvar\.m2\repository\com\innoventsolutions\birt\runtime\org.eclipse.equinox.simpleconfigurator.manipulator_2.1.0.v20180103-0918\4.8.0\org.eclipse.equinox.simpleconfigurator.manipulator_2.1.0.v20180103-0918-4.8.0.jar;C:\Users\avvar\.m2\repository\com\innoventsolutions\birt\runtime\org.eclipse.datatools.connectivity.console.profile_1.2.1.201712071719\4.8.0\org.eclipse.datatools.connectivity.console.profile_1.2.1.201712071719-4.8.0.jar;C:\Users\avvar\.m2\repository\com\innoventsolutions\birt\runtime\org.apache.batik.css_1.7.0.v201011041433\4.8.0\org.apache.batik.css_1.7.0.v201011041433-4.8.0.jar;C:\Users\avvar\.m2\repository\com\innoventsolutions\birt\runtime\org.eclipse.equinox.registry_3.8.0.v20180426-1327\4.8.0\org.eclipse.equinox.registry_3.8.0.v20180426-1327-4.8.0.jar;C:\Users\avvar\.m2\repository\com\innoventsolutions\birt\runtime\javax.xml.stream_1.0.1.v201004272200\4.8.0\javax.xml.stream_1.0.1.v201004272200-4.8.0.jar;C:\Users\avvar\.m2\repository\com\innoventsolutions\birt\runtime\org.eclipse.orbit.mongodb_3.2.2.v20170222-2110\4.8.0\org.eclipse.orbit.mongodb_3.2.2.v20170222-2110-4.8.0.jar;C:\Users\avvar\.m2\repository\com\innoventsolutions\birt\runtime\org.eclipse.core.runtime_3.14.0.v20180417-0825\4.8.0\org.eclipse.core.runtime_3.14.0.v20180417-0825-4.8.0.jar;C:\Users\avvar\.m2\repository\com\innoventsolutions\birt\runtime\org.mozilla.javascript_1.7.5.v201504281450\4.8.0\org.mozilla.javascript_1.7.5.v201504281450-4.8.0.jar;C:\Users\avvar\.m2\repository\com\innoventsolutions\birt\runtime\org.eclipse.update.configurator_3.4.0.v20180512-1141\4.8.0\org.eclipse.update.configurator_3.4.0.v20180512-1141-4.8.0.jar;C:\Users\avvar\.m2\repository\com\innoventsolutions\birt\runtime\org.apache.xerces_2.9.0.v201101211617\4.8.0\org.apache.xerces_2.9.0.v201101211617-4.8.0.jar;C:\Users\avvar\.m2\repository\com\innoventsolutions\birt\runtime\org.eclipse.datatools.connectivity.dbdefinition.genericJDBC_1.2.1.201712071719\4.8.0\org.eclipse.datatools.connectivity.dbdefinition.genericJDBC_1.2.1.201712071719-4.8.0.jar;C:\Users\avvar\.m2\repository\com\innoventsolutions\birt\runtime\org.w3c.dom.svg_1.1.0.v201011041433\4.8.0\org.w3c.dom.svg_1.1.0.v201011041433-4.8.0.jar;C:\Users\avvar\.m2\repository\com\innoventsolutions\birt\runtime\org.eclipse.datatools.connectivity.oda.design_3.5.1.201712071719\4.8.0\org.eclipse.datatools.connectivity.oda.design_3.5.1.201712071719-4.8.0.jar;C:\Users\avvar\.m2\repository\com\innoventsolutions\birt\runtime\javax.xml_1.3.4.v201005080400\4.8.0\javax.xml_1.3.4.v201005080400-4.8.0.jar;C:\Users\avvar\.m2\repository\com\innoventsolutions\birt\runtime\org.sat4j.pb_2.3.5.v201404071733\4.8.0\org.sat4j.pb_2.3.5.v201404071733-4.8.0.jar;C:\Users\avvar\.m2\repository\com\innoventsolutions\birt\runtime\org.eclipse.datatools.connectivity.sqm.core_1.4.1.201712071719\4.8.0\org.eclipse.datatools.connectivity.sqm.core_1.4.1.201712071719-4.8.0.jar;C:\Users\avvar\.m2\repository\com\innoventsolutions\birt\runtime\org.eclipse.datatools.connectivity.oda.profile_3.4.1.201712071719\4.8.0\org.eclipse.datatools.connectivity.oda.profile_3.4.1.201712071719-4.8.0.jar;C:\Users\avvar\.m2\repository\com\innoventsolutions\birt\runtime\org.eclipse.help_3.8.100.v20180512-1136\4.8.0\org.eclipse.help_3.8.100.v20180512-1136-4.8.0.jar;C:\Users\avvar\.m2\repository\com\innoventsolutions\birt\runtime\org.eclipse.emf.ecore.change_2.12.0.v20180125-1130\4.8.0\org.eclipse.emf.ecore.change_2.12.0.v20180125-1130-4.8.0.jar;C:\Users\avvar\.m2\repository\com\innoventsolutions\birt\runtime\org.apache.poi_3.9.0.v201405241750\4.8.0\org.apache.poi_3.9.0.v201405241750-4.8.0.jar;C:\Users\avvar\.m2\repository\com\innoventsolutions\birt\runtime\org.apache.commons.logging_1.1.1.v201101211721\4.8.0\org.apache.commons.logging_1.1.1.v201101211721-4.8.0.jar;C:\Users\avvar\.m2\repository\com\innoventsolutions\birt\runtime\org.apache.lucene.queryparser_6.1.0.v20161115-1612\4.8.0\org.apache.lucene.queryparser_6.1.0.v20161115-1612-4.8.0.jar;C:\Users\avvar\.m2\repository\com\innoventsolutions\birt\runtime\org.w3c.dom.events_3.0.0.draft20060413_v201105210656\4.8.0\org.w3c.dom.events_3.0.0.draft20060413_v201105210656-4.8.0.jar;C:\Users\avvar\.m2\repository\com\innoventsolutions\birt\runtime\org.apache.xml.resolver_1.2.0.v201005080400\4.8.0\org.apache.xml.resolver_1.2.0.v201005080400-4.8.0.jar;C:\Users\avvar\.m2\repository\com\innoventsolutions\birt\runtime\org.eclipse.core.jobs_3.10.0.v20180427-1454\4.8.0\org.eclipse.core.jobs_3.10.0.v20180427-1454-4.8.0.jar;C:\Users\avvar\.m2\repository\com\innoventsolutions\birt\runtime\org.eclipse.equinox.security_1.2.400.v20171221-2204\4.8.0\org.eclipse.equinox.security_1.2.400.v20171221-2204-4.8.0.jar;C:\Users\avvar\.m2\repository\com\innoventsolutions\birt\runtime\org.apache.batik.bridge_1.7.0.v201011041433\4.8.0\org.apache.batik.bridge_1.7.0.v201011041433-4.8.0.jar;C:\Users\avvar\.m2\repository\com\innoventsolutions\birt\runtime\org.apache.batik.parser_1.7.0.v201011041433\4.8.0\org.apache.batik.parser_1.7.0.v201011041433-4.8.0.jar;C:\Users\avvar\.m2\repository\com\innoventsolutions\birt\runtime\org.eclipse.core.contenttype_3.7.0.v20180426-1644\4.8.0\org.eclipse.core.contenttype_3.7.0.v20180426-1644-4.8.0.jar;C:\Users\avvar\.m2\repository\com\innoventsolutions\birt\runtime\org.eclipse.core.filesystem_1.7.100.v20180304-1102\4.8.0\org.eclipse.core.filesystem_1.7.100.v20180304-1102-4.8.0.jar;C:\Users\avvar\.m2\repository\com\innoventsolutions\birt\runtime\org.apache.batik.xml_1.7.0.v201011041433\4.8.0\org.apache.batik.xml_1.7.0.v201011041433-4.8.0.jar;C:\Users\avvar\.m2\repository\com\innoventsolutions\birt\runtime\org.eclipse.equinox.ds_1.5.100.v20171221-2204\4.8.0\org.eclipse.equinox.ds_1.5.100.v20171221-2204-4.8.0.jar;C:\Users\avvar\.m2\repository\com\innoventsolutions\birt\runtime\org.apache.batik.util_1.7.0.v201011041433\4.8.0\org.apache.batik.util_1.7.0.v201011041433-4.8.0.jar;C:\Users\avvar\.m2\repository\com\innoventsolutions\birt\runtime\org.eclipse.datatools.connectivity.oda.flatfile_3.3.1.201712071719\4.8.0\org.eclipse.datatools.connectivity.oda.flatfile_3.3.1.201712071719-4.8.0.jar;C:\Users\avvar\.m2\repository\com\innoventsolutions\birt\runtime\org.apache.batik.ext.awt.extension_1.7.0.v201806261756\4.8.0\org.apache.batik.ext.awt.extension_1.7.0.v201806261756-4.8.0.jar;C:\Users\avvar\.m2\repository\com\innoventsolutions\birt\runtime\javax.wsdl_1.5.1.v201012040544\4.8.0\javax.wsdl_1.5.1.v201012040544-4.8.0.jar;C:\Users\avvar\.m2\repository\com\innoventsolutions\birt\runtime\org.eclipse.osgi.util_3.5.0.v20180219-1511\4.8.0\org.eclipse.osgi.util_3.5.0.v20180219-1511-4.8.0.jar;C:\Users\avvar\.m2\repository\com\innoventsolutions\birt\runtime\org.eclipse.datatools.connectivity_1.14.1.201712071719\4.8.0\org.eclipse.datatools.connectivity_1.14.1.201712071719-4.8.0.jar;C:\Users\avvar\.m2\repository\com\innoventsolutions\birt\runtime\org.apache.felix.scr_2.0.14.v20180117-1452\4.8.0\org.apache.felix.scr_2.0.14.v20180117-1452-4.8.0.jar;C:\Users\avvar\.m2\repository\com\innoventsolutions\birt\runtime\org.eclipse.datatools.connectivity.apache.derby.dbdefinition_1.2.1.201712071719\4.8.0\org.eclipse.datatools.connectivity.apache.derby.dbdefinition_1.2.1.201712071719-4.8.0.jar;C:\Users\avvar\.m2\repository\com\innoventsolutions\birt\runtime\org.eclipse.datatools.connectivity.db.generic_1.2.1.201712071719\4.8.0\org.eclipse.datatools.connectivity.db.generic_1.2.1.201712071719-4.8.0.jar;C:\Users\avvar\.m2\repository\com\innoventsolutions\birt\runtime\org.apache.lucene.analyzers-common_6.1.0.v20161115-1612\4.8.0\org.apache.lucene.analyzers-common_6.1.0.v20161115-1612-4.8.0.jar;C:\Users\avvar\.m2\repository\com\innoventsolutions\birt\runtime\org.apache.xml.serializer_2.7.1.v201005080400\4.8.0\org.apache.xml.serializer_2.7.1.v201005080400-4.8.0.jar;C:\Users\avvar\.m2\repository\com\innoventsolutions\birt\runtime\net.sourceforge.lpg.lpgjavaruntime_1.1.0.v201004271650\4.8.0\net.sourceforge.lpg.lpgjavaruntime_1.1.0.v201004271650-4.8.0.jar;C:\Users\avvar\.m2\repository\com\innoventsolutions\birt\runtime\org.apache.batik.util.gui_1.7.0.v200903091627\4.8.0\org.apache.batik.util.gui_1.7.0.v200903091627-4.8.0.jar;C:\Users\avvar\.m2\repository\com\innoventsolutions\birt\runtime\com.lowagie.text_2.1.7.v201004222200\4.8.0\com.lowagie.text_2.1.7.v201004222200-4.8.0.jar;C:\Users\avvar\.m2\repository\com\innoventsolutions\birt\runtime\org.eclipse.equinox.common_3.10.0.v20180412-1130\4.8.0\org.eclipse.equinox.common_3.10.0.v20180412-1130-4.8.0.jar;C:\Users\avvar\.m2\repository\log4j\log4j\1.2.17\log4j-1.2.17.jar;C:\Users\avvar\.m2\repository\mysql\mysql-connector-java\8.0.26\mysql-connector-java-8.0.26.jar;C:\Users\avvar\.m2\repository\org\projectlombok\lombok\1.18.4\lombok-1.18.4.jar;"/>
    <property name="sun.cpu.endian" value="little"/>
    <property name="user.home" value="C:\Users\avvar"/>
    <property name="user.language" value="en"/>
    <property name="java.specification.vendor" value="Oracle Corporation"/>
    <property name="java.version.date" value="2021-07-20"/>
    <property name="java.home" value="C:\Program Files\Java\jdk-11.0.12"/>
    <property name="file.separator" value="\"/>
    <property name="basedir" value="I:\Java_Projects\birt-poc"/>
    <property name="java.vm.compressedOopsMode" value="32-bit"/>
    <property name="line.separator" value="&#10;"/>
    <property name="java.specification.name" value="Java Platform API Specification"/>
    <property name="java.vm.specification.vendor" value="Oracle Corporation"/>
    <property name="java.awt.graphicsenv" value="sun.awt.Win32GraphicsEnvironment"/>
    <property name="surefire.real.class.path" value="C:\Users\avvar\AppData\Local\Temp\surefire3764575555561105578\surefirebooter10754094776534811859.jar"/>
    <property name="user.script" value=""/>
    <property name="sun.management.compiler" value="HotSpot 64-Bit Tiered Compilers"/>
    <property name="java.runtime.version" value="11.0.12+8-LTS-237"/>
    <property name="user.name" value="avvar"/>
    <property name="path.separator" value=";"/>
    <property name="os.version" value="10.0"/>
    <property name="java.runtime.name" value="Java(TM) SE Runtime Environment"/>
    <property name="file.encoding" value="Cp1252"/>
    <property name="java.vm.name" value="Java HotSpot(TM) 64-Bit Server VM"/>
    <property name="java.vendor.version" value="18.9"/>
    <property name="localRepository" value="C:\Users\avvar\.m2\repository"/>
    <property name="java.vendor.url.bug" value="https://bugreport.java.com/bugreport/"/>
    <property name="java.io.tmpdir" value="C:\Users\avvar\AppData\Local\Temp\"/>
    <property name="idea.version" value="2021.2.1"/>
    <property name="java.version" value="11.0.12"/>
    <property name="user.dir" value="I:\Java_Projects\birt-poc"/>
    <property name="os.arch" value="amd64"/>
    <property name="java.vm.specification.name" value="Java Virtual Machine Specification"/>
    <property name="java.awt.printerjob" value="sun.awt.windows.WPrinterJob"/>
    <property name="sun.os.patch.level" value=""/>
    <property name="java.library.path" value="C:\Program Files\Java\jdk-11.0.12\bin;C:\Windows\Sun\Java\bin;C:\Windows\system32;C:\Windows;C:\Program Files\Common Files\Oracle\Java\javapath;C:\Program Files (x86)\Common Files\Oracle\Java\javapath;C:\Windows\system32;C:\Windows;C:\Windows\System32\Wbem;C:\Windows\System32\WindowsPowerShell\v1.0\;C:\Windows\System32\OpenSSH\;C:\Program Files\Git\cmd;C:\Program Files\MySQL\MySQL Shell 8.0\bin\;I:\Python\Python39\Scripts\;I:\Python\Python39\;C:\Users\avvar\AppData\Local\Microsoft\WindowsApps;;C:\Program Files\JetBrains\IntelliJ IDEA Community Edition 2021.2.1\bin;;."/>
    <property name="java.vendor" value="Oracle Corporation"/>
    <property name="java.vm.info" value="mixed mode"/>
    <property name="java.vm.version" value="11.0.12+8-LTS-237"/>
    <property name="sun.io.unicode.encoding" value="UnicodeLittle"/>
    <property name="java.class.version" value="55.0"/>
  </properties>
  <testcase name="whenSpringContextIsBootstrapped_thenNoExceptions" classname="com.birt.engine.SpringContextTest" time="0.002"/>
</testsuite>